<?xml version="1.0" encoding="UTF-8"?>
<!-- Generated by org.testng.reporters.JUnitXMLReporter -->
<testsuite ignored="0" hostname="BDC6-L-151BS65" failures="3" tests="4" name="Test" time="142.237" errors="0" timestamp="2024-11-22T21:11:35 IST">
  <testcase classname="testCases.Test_Case6" name="LoginToPage" time="6.091">
    <failure type="java.lang.AssertionError" message="null">
      <![CDATA[java.lang.AssertionError: null
at testCases.Test_Case6.LoginToPage(Test_Case6.java:62)
at java.base/java.util.ArrayList.forEach(ArrayList.java:1597)
... Removed 27 stack frames]]>
    </failure>
  </testcase> <!-- LoginToPage -->
  <testcase classname="testCases.Test_Case6" name="LoginToPage" time="22.071">
    <failure type="java.lang.AssertionError" message="null">
      <![CDATA[java.lang.AssertionError: null
at testCases.Test_Case6.LoginToPage(Test_Case6.java:62)
at java.base/java.util.ArrayList.forEach(ArrayList.java:1597)
... Removed 27 stack frames]]>
    </failure>
  </testcase> <!-- LoginToPage -->
  <testcase classname="testCases.Test_Case6" name="LoginToPage" time="27.781">
    <failure type="java.lang.AssertionError" message="null">
      <![CDATA[java.lang.AssertionError: null
at testCases.Test_Case6.LoginToPage(Test_Case6.java:62)
at java.base/java.util.ArrayList.forEach(ArrayList.java:1597)
... Removed 27 stack frames]]>
    </failure>
  </testcase> <!-- LoginToPage -->
  <testcase classname="testCases.Test_Case6" name="LoginToPage" time="49.752"/>
</testsuite> <!-- Test -->
